\BOOKMARK [1][-]{section.1}{Revision History}{}% 1
\BOOKMARK [1][-]{section.2}{Project Drivers}{}% 2
\BOOKMARK [2][-]{subsection.2.1}{The Purpose of the Project}{section.2}% 3
\BOOKMARK [3][-]{subsubsection.2.1.1}{The User Business or Background of the Project Effort}{subsection.2.1}% 4
\BOOKMARK [3][-]{subsubsection.2.1.2}{Goals of the Project}{subsection.2.1}% 5
\BOOKMARK [2][-]{subsection.2.2}{The Stakeholders}{section.2}% 6
\BOOKMARK [3][-]{subsubsection.2.2.1}{The Developers}{subsection.2.2}% 7
\BOOKMARK [3][-]{subsubsection.2.2.2}{The Client}{subsection.2.2}% 8
\BOOKMARK [3][-]{subsubsection.2.2.3}{The Customer}{subsection.2.2}% 9
\BOOKMARK [3][-]{subsubsection.2.2.4}{Other Stakeholders}{subsection.2.2}% 10
\BOOKMARK [3][-]{subsubsection.2.2.5}{The Hands-On-Users of the Product}{subsection.2.2}% 11
\BOOKMARK [3][-]{subsubsection.2.2.6}{Personas}{subsection.2.2}% 12
\BOOKMARK [3][-]{subsubsection.2.2.7}{Priorities Assigned to Users}{subsection.2.2}% 13
\BOOKMARK [3][-]{subsubsection.2.2.8}{User Participation}{subsection.2.2}% 14
\BOOKMARK [3][-]{subsubsection.2.2.9}{Maintenance Users and Service Technicians}{subsection.2.2}% 15
\BOOKMARK [1][-]{section.3}{Project Constraints}{}% 16
\BOOKMARK [2][-]{subsection.3.1}{Mandated Constraints}{section.3}% 17
\BOOKMARK [3][-]{subsubsection.3.1.1}{Solution Constraints}{subsection.3.1}% 18
\BOOKMARK [3][-]{subsubsection.3.1.2}{Implementation Environment of the Current System}{subsection.3.1}% 19
\BOOKMARK [3][-]{subsubsection.3.1.3}{Partner or Collaborative Applications}{subsection.3.1}% 20
\BOOKMARK [3][-]{subsubsection.3.1.4}{Off-the-Shelf Software}{subsection.3.1}% 21
\BOOKMARK [3][-]{subsubsection.3.1.5}{Anticipated Workspace Environment}{subsection.3.1}% 22
\BOOKMARK [3][-]{subsubsection.3.1.6}{Schedule Constraints}{subsection.3.1}% 23
\BOOKMARK [3][-]{subsubsection.3.1.7}{Budget Constraints}{subsection.3.1}% 24
\BOOKMARK [3][-]{subsubsection.3.1.8}{Enterprise Constraints}{subsection.3.1}% 25
\BOOKMARK [2][-]{subsection.3.2}{Naming Conventions and Terminology}{section.3}% 26
\BOOKMARK [3][-]{subsubsection.3.2.1}{Definitions of All Terms, Including Acronyms, Used by Stakeholders Involved in the Project}{subsection.3.2}% 27
\BOOKMARK [2][-]{subsection.3.3}{Relevant Facts and Assumptions}{section.3}% 28
\BOOKMARK [3][-]{subsubsection.3.3.1}{Relevant Facts}{subsection.3.3}% 29
\BOOKMARK [3][-]{subsubsection.3.3.2}{Business Rules}{subsection.3.3}% 30
\BOOKMARK [3][-]{subsubsection.3.3.3}{Assumptions}{subsection.3.3}% 31
\BOOKMARK [1][-]{section.4}{Functional Requirements}{}% 32
\BOOKMARK [2][-]{subsection.4.1}{The Scope of the Work}{section.4}% 33
\BOOKMARK [3][-]{subsubsection.4.1.1}{The Current Situation}{subsection.4.1}% 34
\BOOKMARK [3][-]{subsubsection.4.1.2}{The Context of the Work}{subsection.4.1}% 35
\BOOKMARK [3][-]{subsubsection.4.1.3}{Work Partitioning}{subsection.4.1}% 36
\BOOKMARK [3][-]{subsubsection.4.1.4}{Specifying a Business Use Case \(BUC\)}{subsection.4.1}% 37
\BOOKMARK [2][-]{subsection.4.2}{Business Data Model \046 Data Dictionary}{section.4}% 38
\BOOKMARK [3][-]{subsubsection.4.2.1}{Business Data Model}{subsection.4.2}% 39
\BOOKMARK [3][-]{subsubsection.4.2.2}{Data Dictionary}{subsection.4.2}% 40
\BOOKMARK [2][-]{subsection.4.3}{The Scope of the Product}{section.4}% 41
\BOOKMARK [3][-]{subsubsection.4.3.1}{Project Boundary}{subsection.4.3}% 42
\BOOKMARK [3][-]{subsubsection.4.3.2}{Product Use Case Table}{subsection.4.3}% 43
\BOOKMARK [3][-]{subsubsection.4.3.3}{Individual Product Use Cases}{subsection.4.3}% 44
\BOOKMARK [2][-]{subsection.4.4}{Functional Requirements}{section.4}% 45
\BOOKMARK [1][-]{section.5}{Non-functional Requirements}{}% 46
\BOOKMARK [2][-]{subsection.5.1}{Look and Feel Requirements}{section.5}% 47
\BOOKMARK [3][-]{subsubsection.5.1.1}{Appearance Requirements}{subsection.5.1}% 48
\BOOKMARK [3][-]{subsubsection.5.1.2}{Style Requirements}{subsection.5.1}% 49
\BOOKMARK [2][-]{subsection.5.2}{Usability and Humanity Requirements}{section.5}% 50
\BOOKMARK [3][-]{subsubsection.5.2.1}{Ease of Use Requirements}{subsection.5.2}% 51
\BOOKMARK [3][-]{subsubsection.5.2.2}{Personalization and Internationalization Requirements}{subsection.5.2}% 52
\BOOKMARK [3][-]{subsubsection.5.2.3}{Learning Requirements}{subsection.5.2}% 53
\BOOKMARK [3][-]{subsubsection.5.2.4}{Understandability and Politeness Requirements}{subsection.5.2}% 54
\BOOKMARK [3][-]{subsubsection.5.2.5}{Accessibility Requirements}{subsection.5.2}% 55
\BOOKMARK [2][-]{subsection.5.3}{Performance Requirements}{section.5}% 56
\BOOKMARK [3][-]{subsubsection.5.3.1}{Speed and Latency Requirements}{subsection.5.3}% 57
\BOOKMARK [3][-]{subsubsection.5.3.2}{Safety-Critical Requirements}{subsection.5.3}% 58
\BOOKMARK [3][-]{subsubsection.5.3.3}{Precision or Accuracy Requirements}{subsection.5.3}% 59
\BOOKMARK [3][-]{subsubsection.5.3.4}{Reliability and Availability Requirements}{subsection.5.3}% 60
\BOOKMARK [3][-]{subsubsection.5.3.5}{Robustness or Fault-Tolerance Requirements}{subsection.5.3}% 61
\BOOKMARK [3][-]{subsubsection.5.3.6}{Capacity Requirements}{subsection.5.3}% 62
\BOOKMARK [3][-]{subsubsection.5.3.7}{Instability Requirements}{subsection.5.3}% 63
\BOOKMARK [3][-]{subsubsection.5.3.8}{Scalability or Extensibility Requirements}{subsection.5.3}% 64
\BOOKMARK [3][-]{subsubsection.5.3.9}{Longevity Requirements}{subsection.5.3}% 65
\BOOKMARK [2][-]{subsection.5.4}{Operational and Environmental Requirements}{section.5}% 66
\BOOKMARK [3][-]{subsubsection.5.4.1}{Expected Physical Environment}{subsection.5.4}% 67
\BOOKMARK [3][-]{subsubsection.5.4.2}{Requirements for Interfacing with Adjacent Systems}{subsection.5.4}% 68
\BOOKMARK [3][-]{subsubsection.5.4.3}{Productization Requirements}{subsection.5.4}% 69
\BOOKMARK [3][-]{subsubsection.5.4.4}{Release Requirements}{subsection.5.4}% 70
\BOOKMARK [2][-]{subsection.5.5}{Maintainability and Support Requirements}{section.5}% 71
\BOOKMARK [3][-]{subsubsection.5.5.1}{Maintenance Requirements}{subsection.5.5}% 72
\BOOKMARK [3][-]{subsubsection.5.5.2}{Supportability Requirements}{subsection.5.5}% 73
\BOOKMARK [3][-]{subsubsection.5.5.3}{Adaptability Requirements}{subsection.5.5}% 74
\BOOKMARK [2][-]{subsection.5.6}{Security Requirements}{section.5}% 75
\BOOKMARK [3][-]{subsubsection.5.6.1}{Access Requirements}{subsection.5.6}% 76
\BOOKMARK [3][-]{subsubsection.5.6.2}{Integrity Requirements}{subsection.5.6}% 77
\BOOKMARK [3][-]{subsubsection.5.6.3}{Privacy Requirements}{subsection.5.6}% 78
\BOOKMARK [3][-]{subsubsection.5.6.4}{Audit Requirements}{subsection.5.6}% 79
\BOOKMARK [3][-]{subsubsection.5.6.5}{Immunity Requirements}{subsection.5.6}% 80
\BOOKMARK [2][-]{subsection.5.7}{Cultural Requirements}{section.5}% 81
\BOOKMARK [2][-]{subsection.5.8}{Legal Requirements}{section.5}% 82
\BOOKMARK [3][-]{subsubsection.5.8.1}{Compliance Requirements}{subsection.5.8}% 83
\BOOKMARK [3][-]{subsubsection.5.8.2}{Standards Requirements}{subsection.5.8}% 84
\BOOKMARK [1][-]{section.6}{Project Issues}{}% 85
\BOOKMARK [2][-]{subsection.6.1}{Open Issues}{section.6}% 86
\BOOKMARK [2][-]{subsection.6.2}{Off-the-shelf Solutions}{section.6}% 87
\BOOKMARK [3][-]{subsubsection.6.2.1}{Ready-Made Products}{subsection.6.2}% 88
\BOOKMARK [3][-]{subsubsection.6.2.2}{Reusable Components}{subsection.6.2}% 89
\BOOKMARK [3][-]{subsubsection.6.2.3}{Products That Can Be Copied}{subsection.6.2}% 90
\BOOKMARK [2][-]{subsection.6.3}{New Problems}{section.6}% 91
\BOOKMARK [3][-]{subsubsection.6.3.1}{Effects on the Current Environment}{subsection.6.3}% 92
\BOOKMARK [3][-]{subsubsection.6.3.2}{Effects on the Installed Systems}{subsection.6.3}% 93
\BOOKMARK [3][-]{subsubsection.6.3.3}{Potential User Problems}{subsection.6.3}% 94
\BOOKMARK [3][-]{subsubsection.6.3.4}{Limitations in the Anticipated Implementation Environment That May Inhibit the New Product}{subsection.6.3}% 95
\BOOKMARK [3][-]{subsubsection.6.3.5}{Follow-Up Problems}{subsection.6.3}% 96
\BOOKMARK [2][-]{subsection.6.4}{Tasks}{section.6}% 97
\BOOKMARK [3][-]{subsubsection.6.4.1}{Project Planning}{subsection.6.4}% 98
\BOOKMARK [3][-]{subsubsection.6.4.2}{Planning of the Development Phases}{subsection.6.4}% 99
\BOOKMARK [2][-]{subsection.6.5}{Migration to the New Product}{section.6}% 100
\BOOKMARK [3][-]{subsubsection.6.5.1}{Requirements for Migration to the New Product}{subsection.6.5}% 101
\BOOKMARK [3][-]{subsubsection.6.5.2}{Data That Has to Be Modified or Translated for the New System}{subsection.6.5}% 102
\BOOKMARK [2][-]{subsection.6.6}{Risks}{section.6}% 103
\BOOKMARK [2][-]{subsection.6.7}{Costs}{section.6}% 104
\BOOKMARK [2][-]{subsection.6.8}{User Documentation and Training}{section.6}% 105
\BOOKMARK [3][-]{subsubsection.6.8.1}{User Documentation Requirements}{subsection.6.8}% 106
\BOOKMARK [3][-]{subsubsection.6.8.2}{Training Requirements}{subsection.6.8}% 107
\BOOKMARK [2][-]{subsection.6.9}{Waiting Room}{section.6}% 108
\BOOKMARK [2][-]{subsection.6.10}{Ideas for Solutions}{section.6}% 109
