This is pdfTeX, Version 3.14159265-2.6-1.40.16 (TeX Live 2015) (preloaded format=pdflatex 2015.5.24)  8 DEC 2015 18:31
entering extended mode
 restricted \write18 enabled.
 file:line:error style messages enabled.
 %&-line parsing enabled.
**DesignDocumentation.tex
(./DesignDocumentation.tex
LaTeX2e <2015/01/01>
Babel <3.9l> and hyphenation patterns for 79 languages loaded.
(/usr/local/texlive/2015/texmf-dist/tex/latex/base/article.cls
Document Class: article 2014/09/29 v1.4h Standard LaTeX document class
(/usr/local/texlive/2015/texmf-dist/tex/latex/base/size11.clo
File: size11.clo 2014/09/29 v1.4h Standard LaTeX file (size option)
)
\c@part=\count79
\c@section=\count80
\c@subsection=\count81
\c@subsubsection=\count82
\c@paragraph=\count83
\c@subparagraph=\count84
\c@figure=\count85
\c@table=\count86
\abovecaptionskip=\skip41
\belowcaptionskip=\skip42
\bibindent=\dimen102
)
(/usr/local/texlive/2015/texmf-dist/tex/latex/geometry/geometry.sty
Package: geometry 2010/09/12 v5.6 Page Geometry

(/usr/local/texlive/2015/texmf-dist/tex/latex/graphics/keyval.sty
Package: keyval 2014/10/28 v1.15 key=value parser (DPC)
\KV@toks@=\toks14
)
(/usr/local/texlive/2015/texmf-dist/tex/generic/oberdiek/ifpdf.sty
Package: ifpdf 2011/01/30 v2.3 Provides the ifpdf switch (HO)
Package ifpdf Info: pdfTeX in PDF mode is detected.
)
(/usr/local/texlive/2015/texmf-dist/tex/generic/oberdiek/ifvtex.sty
Package: ifvtex 2010/03/01 v1.5 Detect VTeX and its facilities (HO)
Package ifvtex Info: VTeX not detected.
)
(/usr/local/texlive/2015/texmf-dist/tex/generic/ifxetex/ifxetex.sty
Package: ifxetex 2010/09/12 v0.6 Provides ifxetex conditional
)
\Gm@cnth=\count87
\Gm@cntv=\count88
\c@Gm@tempcnt=\count89
\Gm@bindingoffset=\dimen103
\Gm@wd@mp=\dimen104
\Gm@odd@mp=\dimen105
\Gm@even@mp=\dimen106
\Gm@layoutwidth=\dimen107
\Gm@layoutheight=\dimen108
\Gm@layouthoffset=\dimen109
\Gm@layoutvoffset=\dimen110
\Gm@dimlist=\toks15
)
(/usr/local/texlive/2015/texmf-dist/tex/latex/graphics/graphicx.sty
Package: graphicx 2014/10/28 v1.0g Enhanced LaTeX Graphics (DPC,SPQR)

(/usr/local/texlive/2015/texmf-dist/tex/latex/graphics/graphics.sty
Package: graphics 2014/10/28 v1.0p Standard LaTeX Graphics (DPC,SPQR)

(/usr/local/texlive/2015/texmf-dist/tex/latex/graphics/trig.sty
Package: trig 1999/03/16 v1.09 sin cos tan (DPC)
)
(/usr/local/texlive/2015/texmf-dist/tex/latex/latexconfig/graphics.cfg
File: graphics.cfg 2010/04/23 v1.9 graphics configuration of TeX Live
)
Package graphics Info: Driver file: pdftex.def on input line 94.

(/usr/local/texlive/2015/texmf-dist/tex/latex/pdftex-def/pdftex.def
File: pdftex.def 2011/05/27 v0.06d Graphics/color for pdfTeX

(/usr/local/texlive/2015/texmf-dist/tex/generic/oberdiek/infwarerr.sty
Package: infwarerr 2010/04/08 v1.3 Providing info/warning/error messages (HO)
)
(/usr/local/texlive/2015/texmf-dist/tex/generic/oberdiek/ltxcmds.sty
Package: ltxcmds 2011/11/09 v1.22 LaTeX kernel commands for general use (HO)
)
\Gread@gobject=\count90
))
\Gin@req@height=\dimen111
\Gin@req@width=\dimen112
)
(/usr/local/texlive/2015/texmf-dist/tex/latex/float/float.sty
Package: float 2001/11/08 v1.3d Float enhancements (AL)
\c@float@type=\count91
\float@exts=\toks16
\float@box=\box26
\@float@everytoks=\toks17
\@floatcapt=\box27
)
(/usr/local/texlive/2015/texmf-dist/tex/latex/amsfonts/amssymb.sty
Package: amssymb 2013/01/14 v3.01 AMS font symbols

(/usr/local/texlive/2015/texmf-dist/tex/latex/amsfonts/amsfonts.sty
Package: amsfonts 2013/01/14 v3.01 Basic AMSFonts support
\@emptytoks=\toks18
\symAMSa=\mathgroup4
\symAMSb=\mathgroup5
LaTeX Font Info:    Overwriting math alphabet `\mathfrak' in version `bold'
(Font)                  U/euf/m/n --> U/euf/b/n on input line 106.
))
(/usr/local/texlive/2015/texmf-dist/tex/latex/tabulary/tabulary.sty
Package: tabulary 2014/06/11 v0.10 tabulary package (DPC)

(/usr/local/texlive/2015/texmf-dist/tex/latex/tools/array.sty
Package: array 2014/10/28 v2.4c Tabular extension package (FMi)
\col@sep=\dimen113
\extrarowheight=\dimen114
\NC@list=\toks19
\extratabsurround=\skip43
\backup@length=\skip44
)
\TY@count=\count92
\TY@linewidth=\dimen115
\tymin=\dimen116
\tymax=\dimen117
\TY@tablewidth=\dimen118
)
(/usr/local/texlive/2015/texmf-dist/tex/latex/ms/ragged2e.sty
Package: ragged2e 2009/05/21 v2.1 ragged2e Package (MS)

(/usr/local/texlive/2015/texmf-dist/tex/latex/ms/everysel.sty
Package: everysel 2011/10/28 v1.2 EverySelectfont Package (MS)
)
\CenteringLeftskip=\skip45
\RaggedLeftLeftskip=\skip46
\RaggedRightLeftskip=\skip47
\CenteringRightskip=\skip48
\RaggedLeftRightskip=\skip49
\RaggedRightRightskip=\skip50
\CenteringParfillskip=\skip51
\RaggedLeftParfillskip=\skip52
\RaggedRightParfillskip=\skip53
\JustifyingParfillskip=\skip54
\CenteringParindent=\skip55
\RaggedLeftParindent=\skip56
\RaggedRightParindent=\skip57
\JustifyingParindent=\skip58
)
(/usr/local/texlive/2015/texmf-dist/tex/latex/hyperref/hyperref.sty
Package: hyperref 2012/11/06 v6.83m Hypertext links for LaTeX

(/usr/local/texlive/2015/texmf-dist/tex/generic/oberdiek/hobsub-hyperref.sty
Package: hobsub-hyperref 2012/05/28 v1.13 Bundle oberdiek, subset hyperref (HO)


(/usr/local/texlive/2015/texmf-dist/tex/generic/oberdiek/hobsub-generic.sty
Package: hobsub-generic 2012/05/28 v1.13 Bundle oberdiek, subset generic (HO)
Package: hobsub 2012/05/28 v1.13 Construct package bundles (HO)
Package hobsub Info: Skipping package `infwarerr' (already loaded).
Package hobsub Info: Skipping package `ltxcmds' (already loaded).
Package: ifluatex 2010/03/01 v1.3 Provides the ifluatex switch (HO)
Package ifluatex Info: LuaTeX not detected.
Package hobsub Info: Skipping package `ifvtex' (already loaded).
Package: intcalc 2007/09/27 v1.1 Expandable calculations with integers (HO)
Package hobsub Info: Skipping package `ifpdf' (already loaded).
Package: etexcmds 2011/02/16 v1.5 Avoid name clashes with e-TeX commands (HO)
Package etexcmds Info: Could not find \expanded.
(etexcmds)             That can mean that you are not using pdfTeX 1.50 or
(etexcmds)             that some package has redefined \expanded.
(etexcmds)             In the latter case, load this package earlier.
Package: kvsetkeys 2012/04/25 v1.16 Key value parser (HO)
Package: kvdefinekeys 2011/04/07 v1.3 Define keys (HO)
Package: pdftexcmds 2011/11/29 v0.20 Utility functions of pdfTeX for LuaTeX (HO
)
Package pdftexcmds Info: LuaTeX not detected.
Package pdftexcmds Info: \pdf@primitive is available.
Package pdftexcmds Info: \pdf@ifprimitive is available.
Package pdftexcmds Info: \pdfdraftmode found.
Package: pdfescape 2011/11/25 v1.13 Implements pdfTeX's escape features (HO)
Package: bigintcalc 2012/04/08 v1.3 Expandable calculations on big integers (HO
)
Package: bitset 2011/01/30 v1.1 Handle bit-vector datatype (HO)
Package: uniquecounter 2011/01/30 v1.2 Provide unlimited unique counter (HO)
)
Package hobsub Info: Skipping package `hobsub' (already loaded).
Package: letltxmacro 2010/09/02 v1.4 Let assignment for LaTeX macros (HO)
Package: hopatch 2012/05/28 v1.2 Wrapper for package hooks (HO)
Package: xcolor-patch 2011/01/30 xcolor patch
Package: atveryend 2011/06/30 v1.8 Hooks at the very end of document (HO)
Package atveryend Info: \enddocument detected (standard20110627).
Package: atbegshi 2011/10/05 v1.16 At begin shipout hook (HO)
Package: refcount 2011/10/16 v3.4 Data extraction from label references (HO)
Package: hycolor 2011/01/30 v1.7 Color options for hyperref/bookmark (HO)
)
(/usr/local/texlive/2015/texmf-dist/tex/latex/oberdiek/auxhook.sty
Package: auxhook 2011/03/04 v1.3 Hooks for auxiliary files (HO)
)
(/usr/local/texlive/2015/texmf-dist/tex/latex/oberdiek/kvoptions.sty
Package: kvoptions 2011/06/30 v3.11 Key value format for package options (HO)
)
\@linkdim=\dimen119
\Hy@linkcounter=\count93
\Hy@pagecounter=\count94

(/usr/local/texlive/2015/texmf-dist/tex/latex/hyperref/pd1enc.def
File: pd1enc.def 2012/11/06 v6.83m Hyperref: PDFDocEncoding definition (HO)
)
\Hy@SavedSpaceFactor=\count95

(/usr/local/texlive/2015/texmf-dist/tex/latex/latexconfig/hyperref.cfg
File: hyperref.cfg 2002/06/06 v1.2 hyperref configuration of TeXLive
)
Package hyperref Info: Hyper figures OFF on input line 4443.
Package hyperref Info: Link nesting OFF on input line 4448.
Package hyperref Info: Hyper index ON on input line 4451.
Package hyperref Info: Plain pages OFF on input line 4458.
Package hyperref Info: Backreferencing OFF on input line 4463.
Package hyperref Info: Implicit mode ON; LaTeX internals redefined.
Package hyperref Info: Bookmarks ON on input line 4688.
\c@Hy@tempcnt=\count96

(/usr/local/texlive/2015/texmf-dist/tex/latex/url/url.sty
\Urlmuskip=\muskip10
Package: url 2013/09/16  ver 3.4  Verb mode for urls, etc.
)
LaTeX Info: Redefining \url on input line 5041.
\XeTeXLinkMargin=\dimen120
\Fld@menulength=\count97
\Field@Width=\dimen121
\Fld@charsize=\dimen122
Package hyperref Info: Hyper figures OFF on input line 6295.
Package hyperref Info: Link nesting OFF on input line 6300.
Package hyperref Info: Hyper index ON on input line 6303.
Package hyperref Info: backreferencing OFF on input line 6310.
Package hyperref Info: Link coloring OFF on input line 6315.
Package hyperref Info: Link coloring with OCG OFF on input line 6320.
Package hyperref Info: PDF/A mode OFF on input line 6325.
LaTeX Info: Redefining \ref on input line 6365.
LaTeX Info: Redefining \pageref on input line 6369.
\Hy@abspage=\count98
\c@Item=\count99
\c@Hfootnote=\count100
)

Package hyperref Message: Driver (autodetected): hpdftex.

(/usr/local/texlive/2015/texmf-dist/tex/latex/hyperref/hpdftex.def
File: hpdftex.def 2012/11/06 v6.83m Hyperref driver for pdfTeX
\Fld@listcount=\count101
\c@bookmark@seq@number=\count102

(/usr/local/texlive/2015/texmf-dist/tex/latex/oberdiek/rerunfilecheck.sty
Package: rerunfilecheck 2011/04/15 v1.7 Rerun checks for auxiliary files (HO)
Package uniquecounter Info: New unique counter `rerunfilecheck' on input line 2
82.
)
\Hy@SectionHShift=\skip59
)
Package hyperref Info: Option `colorlinks' set `true' on input line 23.

(/usr/local/texlive/2015/texmf-dist/tex/latex/titlesec/titlesec.sty
Package: titlesec 2011/12/15 v2.10.0 Sectioning titles
\ttl@box=\box28
\beforetitleunit=\skip60
\aftertitleunit=\skip61
\ttl@plus=\dimen123
\ttl@minus=\dimen124
\ttl@toksa=\toks20
\titlewidth=\dimen125
\titlewidthlast=\dimen126
\titlewidthfirst=\dimen127
)
(/usr/local/texlive/2015/texmf-dist/tex/latex/fancyhdr/fancyhdr.sty
\fancy@headwidth=\skip62
\f@ncyO@elh=\skip63
\f@ncyO@erh=\skip64
\f@ncyO@olh=\skip65
\f@ncyO@orh=\skip66
\f@ncyO@elf=\skip67
\f@ncyO@erf=\skip68
\f@ncyO@olf=\skip69
\f@ncyO@orf=\skip70
)
(./DesignDocumentation.aux

LaTeX Warning: Label `default' multiply defined.


LaTeX Warning: Label `default' multiply defined.


LaTeX Warning: Label `default' multiply defined.

)
\openout1 = `DesignDocumentation.aux'.

LaTeX Font Info:    Checking defaults for OML/cmm/m/it on input line 59.
LaTeX Font Info:    ... okay on input line 59.
LaTeX Font Info:    Checking defaults for T1/cmr/m/n on input line 59.
LaTeX Font Info:    ... okay on input line 59.
LaTeX Font Info:    Checking defaults for OT1/cmr/m/n on input line 59.
LaTeX Font Info:    ... okay on input line 59.
LaTeX Font Info:    Checking defaults for OMS/cmsy/m/n on input line 59.
LaTeX Font Info:    ... okay on input line 59.
LaTeX Font Info:    Checking defaults for OMX/cmex/m/n on input line 59.
LaTeX Font Info:    ... okay on input line 59.
LaTeX Font Info:    Checking defaults for U/cmr/m/n on input line 59.
LaTeX Font Info:    ... okay on input line 59.
LaTeX Font Info:    Checking defaults for PD1/pdf/m/n on input line 59.
LaTeX Font Info:    ... okay on input line 59.

*geometry* driver: auto-detecting
*geometry* detected driver: pdftex
*geometry* verbose mode - [ preamble ] result:
* driver: pdftex
* paper: letterpaper
* layout: <same size as paper>
* layoutoffset:(h,v)=(0.0pt,0.0pt)
* modes: 
* h-part:(L,W,R)=(92.14519pt, 430.00462pt, 92.14519pt)
* v-part:(T,H,B)=(95.39737pt, 556.47656pt, 143.09605pt)
* \paperwidth=614.295pt
* \paperheight=794.96999pt
* \textwidth=430.00462pt
* \textheight=556.47656pt
* \oddsidemargin=19.8752pt
* \evensidemargin=19.8752pt
* \topmargin=-13.87262pt
* \headheight=12.0pt
* \headsep=25.0pt
* \topskip=11.0pt
* \footskip=30.0pt
* \marginparwidth=59.0pt
* \marginparsep=10.0pt
* \columnsep=10.0pt
* \skip\footins=10.0pt plus 4.0pt minus 2.0pt
* \hoffset=0.0pt
* \voffset=0.0pt
* \mag=1000
* \@twocolumnfalse
* \@twosidefalse
* \@mparswitchfalse
* \@reversemarginfalse
* (1in=72.27pt=25.4mm, 1cm=28.453pt)

(/usr/local/texlive/2015/texmf-dist/tex/context/base/supp-pdf.mkii
[Loading MPS to PDF converter (version 2006.09.02).]
\scratchcounter=\count103
\scratchdimen=\dimen128
\scratchbox=\box29
\nofMPsegments=\count104
\nofMParguments=\count105
\everyMPshowfont=\toks21
\MPscratchCnt=\count106
\MPscratchDim=\dimen129
\MPnumerator=\count107
\makeMPintoPDFobject=\count108
\everyMPtoPDFconversion=\toks22
) (/usr/local/texlive/2015/texmf-dist/tex/latex/oberdiek/epstopdf-base.sty
Package: epstopdf-base 2010/02/09 v2.5 Base part for package epstopdf

(/usr/local/texlive/2015/texmf-dist/tex/latex/oberdiek/grfext.sty
Package: grfext 2010/08/19 v1.1 Manage graphics extensions (HO)
)
Package grfext Info: Graphics extension search list:
(grfext)             [.png,.pdf,.jpg,.mps,.jpeg,.jbig2,.jb2,.PNG,.PDF,.JPG,.JPE
G,.JBIG2,.JB2,.eps]
(grfext)             \AppendGraphicsExtensions on input line 452.

(/usr/local/texlive/2015/texmf-dist/tex/latex/latexconfig/epstopdf-sys.cfg
File: epstopdf-sys.cfg 2010/07/13 v1.3 Configuration of (r)epstopdf for TeX Liv
e
))
ABD: EverySelectfont initializing macros
LaTeX Info: Redefining \selectfont on input line 59.
\AtBeginShipoutBox=\box30

(/usr/local/texlive/2015/texmf-dist/tex/latex/graphics/color.sty
Package: color 2014/10/28 v1.1a Standard LaTeX Color (DPC)

(/usr/local/texlive/2015/texmf-dist/tex/latex/latexconfig/color.cfg
File: color.cfg 2007/01/18 v1.5 color configuration of teTeX/TeXLive
)
Package color Info: Driver file: pdftex.def on input line 142.
)
Package hyperref Info: Link coloring ON on input line 59.

(/usr/local/texlive/2015/texmf-dist/tex/latex/hyperref/nameref.sty
Package: nameref 2012/10/27 v2.43 Cross-referencing by name of section

(/usr/local/texlive/2015/texmf-dist/tex/generic/oberdiek/gettitlestring.sty
Package: gettitlestring 2010/12/03 v1.4 Cleanup title references (HO)
)
\c@section@level=\count109
)
LaTeX Info: Redefining \ref on input line 59.
LaTeX Info: Redefining \pageref on input line 59.
LaTeX Info: Redefining \nameref on input line 59.

(./DesignDocumentation.out) (./DesignDocumentation.out)
\@outlinefile=\write3
\openout3 = `DesignDocumentation.out'.


Underfull \hbox (badness 10000) in paragraph at lines 61--61
 []\OT1/cmr/m/n/17.28 Design Doc-u-men-ta-tion 
 []

LaTeX Font Info:    Try loading font information for U+msa on input line 61.
(/usr/local/texlive/2015/texmf-dist/tex/latex/amsfonts/umsa.fd
File: umsa.fd 2013/01/14 v3.01 AMS symbols A
)
LaTeX Font Info:    Try loading font information for U+msb on input line 61.

(/usr/local/texlive/2015/texmf-dist/tex/latex/amsfonts/umsb.fd
File: umsb.fd 2013/01/14 v3.01 AMS symbols B
)
Underfull \hbox (badness 10000) in paragraph at lines 61--61
 []\OT1/cmr/m/n/12 December 8, 2015 
 []

[1

{/usr/local/texlive/2015/texmf-var/fonts/map/pdftex/updmap/pdftex.map}]
(./DesignDocumentation.toc
Underfull \hbox (badness 10000) has occurred while \output is active
 []\OT1/cmr/m/n/10.95 SE 3XA3 De-sign Document| 
 []


Underfull \hbox (badness 10000) has occurred while \output is active
 []\OT1/cmr/m/n/10.95 The A Team|
 []


Package Fancyhdr Warning: \headheight is too small (12.0pt): 
 Make it at least 13.59999pt.
 We now make it that large for the rest of the document.
 This may cause the page layout to be inconsistent, however.


Underfull \hbox (badness 10000) has occurred while \output is active
 []\OT1/cmr/m/n/10.95 2| 
 []


Underfull \hbox (badness 10000) has occurred while \output is active
 []
 []

[2]
Underfull \hbox (badness 10000) has occurred while \output is active
 []\OT1/cmr/m/n/10.95 SE 3XA3 De-sign Document| 
 []


Underfull \hbox (badness 10000) has occurred while \output is active
 []\OT1/cmr/m/n/10.95 The A Team|
 []


Underfull \hbox (badness 10000) has occurred while \output is active
 []\OT1/cmr/m/n/10.95 3| 
 []


Underfull \hbox (badness 10000) has occurred while \output is active
 []
 []

[3])
\tf@toc=\write4
\openout4 = `DesignDocumentation.toc'.

 (./DesignDocumentation.lot)
\tf@lot=\write5
\openout5 = `DesignDocumentation.lot'.


Underfull \hbox (badness 10000) has occurred while \output is active
 []\OT1/cmr/m/n/10.95 SE 3XA3 De-sign Document| 
 []


Underfull \hbox (badness 10000) has occurred while \output is active
 []\OT1/cmr/m/n/10.95 The A Team|
 []


Underfull \hbox (badness 10000) has occurred while \output is active
 []\OT1/cmr/m/n/10.95 4| 
 []


Underfull \hbox (badness 10000) has occurred while \output is active
 []
 []

[4]
Underfull \hbox (badness 10000) has occurred while \output is active
 []\OT1/cmr/m/n/10.95 SE 3XA3 De-sign Document| 
 []


Underfull \hbox (badness 10000) has occurred while \output is active
 []\OT1/cmr/m/n/10.95 The A Team|
 []


Underfull \hbox (badness 10000) has occurred while \output is active
 []\OT1/cmr/m/n/10.95 5| 
 []


Underfull \hbox (badness 10000) has occurred while \output is active
 []
 []

[5]
Underfull \hbox (badness 10000) in paragraph at lines 103--112

 []


Underfull \hbox (badness 10000) in paragraph at lines 103--112

 []


Underfull \hbox (badness 10000) in paragraph at lines 103--112

 []


Underfull \hbox (badness 10000) has occurred while \output is active
 []\OT1/cmr/m/n/10.95 SE 3XA3 De-sign Document| 
 []


Underfull \hbox (badness 10000) has occurred while \output is active
 []\OT1/cmr/m/n/10.95 The A Team|
 []


Underfull \hbox (badness 10000) has occurred while \output is active
 []\OT1/cmr/m/n/10.95 6| 
 []


Underfull \hbox (badness 10000) has occurred while \output is active
 []
 []

[6]
Underfull \hbox (badness 10000) has occurred while \output is active
 []\OT1/cmr/m/n/10.95 SE 3XA3 De-sign Document| 
 []


Underfull \hbox (badness 10000) has occurred while \output is active
 []\OT1/cmr/m/n/10.95 The A Team|
 []


Underfull \hbox (badness 10000) has occurred while \output is active
 []\OT1/cmr/m/n/10.95 7| 
 []


Underfull \hbox (badness 10000) has occurred while \output is active
 []
 []

[7]
LaTeX Font Info:    Font shape `OT1/cmtt/bx/n' in size <10.95> not available
(Font)              Font shape `OT1/cmtt/m/n' tried instead on input line 140.


Package hyperref Warning: Difference (2) between bookmark levels is greater 
(hyperref)                than one, level fixed on input line 140.


Underfull \hbox (badness 10000) in paragraph at lines 176--183
 [][] 
 []


Underfull \hbox (badness 10000) has occurred while \output is active
 []\OT1/cmr/m/n/10.95 SE 3XA3 De-sign Document| 
 []


Underfull \hbox (badness 10000) has occurred while \output is active
 []\OT1/cmr/m/n/10.95 The A Team|
 []


Underfull \hbox (badness 10000) has occurred while \output is active
 []\OT1/cmr/m/n/10.95 8| 
 []


Underfull \hbox (badness 10000) has occurred while \output is active
 []
 []

[8]
Underfull \hbox (badness 10000) in paragraph at lines 206--215
 [][] 
 []


Underfull \hbox (badness 10000) in paragraph at lines 221--227

 []


Underfull \hbox (badness 10000) in paragraph at lines 232--238

 []


Underfull \hbox (badness 10000) has occurred while \output is active
 []\OT1/cmr/m/n/10.95 SE 3XA3 De-sign Document| 
 []


Underfull \hbox (badness 10000) has occurred while \output is active
 []\OT1/cmr/m/n/10.95 The A Team|
 []


Underfull \hbox (badness 10000) has occurred while \output is active
 []\OT1/cmr/m/n/10.95 9| 
 []


Underfull \hbox (badness 10000) has occurred while \output is active
 []
 []

[9]
Underfull \hbox (badness 5203) in paragraph at lines 245--255
 [][] 
 []


Underfull \hbox (badness 10000) in paragraph at lines 261--267

 []


Underfull \hbox (badness 10000) in paragraph at lines 272--280

 []


Underfull \hbox (badness 10000) has occurred while \output is active
 []\OT1/cmr/m/n/10.95 SE 3XA3 De-sign Document| 
 []


Underfull \hbox (badness 10000) has occurred while \output is active
 []\OT1/cmr/m/n/10.95 The A Team|
 []


Underfull \hbox (badness 10000) has occurred while \output is active
 []\OT1/cmr/m/n/10.95 10| 
 []


Underfull \hbox (badness 10000) has occurred while \output is active
 []
 []

[10]
Underfull \hbox (badness 10000) in paragraph at lines 286--294
 [][] 
 []


Underfull \hbox (badness 10000) in paragraph at lines 300--314

 []


Underfull \hbox (badness 10000) has occurred while \output is active
 []\OT1/cmr/m/n/10.95 SE 3XA3 De-sign Document| 
 []


Underfull \hbox (badness 10000) has occurred while \output is active
 []\OT1/cmr/m/n/10.95 The A Team|
 []


Underfull \hbox (badness 10000) has occurred while \output is active
 []\OT1/cmr/m/n/10.95 11| 
 []


Underfull \hbox (badness 10000) has occurred while \output is active
 []
 []

[11]
Underfull \hbox (badness 10000) in paragraph at lines 316--318

 []


Underfull \hbox (badness 10000) in paragraph at lines 321--325

 []


Underfull \hbox (badness 10000) in paragraph at lines 331--339
 [][] 
 []


Underfull \hbox (badness 10000) in paragraph at lines 345--355

 []


Underfull \hbox (badness 10000) in paragraph at lines 359--360

 []


Underfull \hbox (badness 10000) has occurred while \output is active
 []\OT1/cmr/m/n/10.95 SE 3XA3 De-sign Document| 
 []


Underfull \hbox (badness 10000) has occurred while \output is active
 []\OT1/cmr/m/n/10.95 The A Team|
 []


Underfull \hbox (badness 10000) has occurred while \output is active
 []\OT1/cmr/m/n/10.95 12| 
 []


Underfull \hbox (badness 10000) has occurred while \output is active
 []
 []

[12]
Underfull \hbox (badness 10000) in paragraph at lines 364--368

 []


Underfull \hbox (badness 10000) in paragraph at lines 388--402

 []


Underfull \hbox (badness 10000) in paragraph at lines 418--428
 [][] 
 []


Underfull \hbox (badness 10000) has occurred while \output is active
 []\OT1/cmr/m/n/10.95 SE 3XA3 De-sign Document| 
 []


Underfull \hbox (badness 10000) has occurred while \output is active
 []\OT1/cmr/m/n/10.95 The A Team|
 []


Underfull \hbox (badness 10000) has occurred while \output is active
 []\OT1/cmr/m/n/10.95 13| 
 []


Underfull \hbox (badness 10000) has occurred while \output is active
 []
 []

[13]
Underfull \hbox (badness 10000) in paragraph at lines 434--435

 []


Underfull \hbox (badness 10000) in paragraph at lines 439--441

 []


Underfull \hbox (badness 10000) in paragraph at lines 443--449

 []


Underfull \hbox (badness 10000) in paragraph at lines 456--466
 [][] 
 []


Underfull \hbox (badness 10000) has occurred while \output is active
 []\OT1/cmr/m/n/10.95 SE 3XA3 De-sign Document| 
 []


Underfull \hbox (badness 10000) has occurred while \output is active
 []\OT1/cmr/m/n/10.95 The A Team|
 []


Underfull \hbox (badness 10000) has occurred while \output is active
 []\OT1/cmr/m/n/10.95 14| 
 []


Underfull \hbox (badness 10000) has occurred while \output is active
 []
 []

[14]
Underfull \hbox (badness 10000) in paragraph at lines 472--473

 []


Underfull \hbox (badness 10000) in paragraph at lines 477--479

 []


Underfull \hbox (badness 10000) in paragraph at lines 481--487

 []


Underfull \hbox (badness 2503) in paragraph at lines 494--506
 [][] 
 []


Underfull \hbox (badness 10000) has occurred while \output is active
 []\OT1/cmr/m/n/10.95 SE 3XA3 De-sign Document| 
 []


Underfull \hbox (badness 10000) has occurred while \output is active
 []\OT1/cmr/m/n/10.95 The A Team|
 []


Underfull \hbox (badness 10000) has occurred while \output is active
 []\OT1/cmr/m/n/10.95 15| 
 []


Underfull \hbox (badness 10000) has occurred while \output is active
 []
 []

[15]
Underfull \hbox (badness 10000) in paragraph at lines 512--513

 []


Underfull \hbox (badness 10000) in paragraph at lines 517--519

 []


Underfull \hbox (badness 10000) in paragraph at lines 521--531

 []


Underfull \hbox (badness 10000) has occurred while \output is active
 []\OT1/cmr/m/n/10.95 SE 3XA3 De-sign Document| 
 []


Underfull \hbox (badness 10000) has occurred while \output is active
 []\OT1/cmr/m/n/10.95 The A Team|
 []


Underfull \hbox (badness 10000) has occurred while \output is active
 []\OT1/cmr/m/n/10.95 16| 
 []


Underfull \hbox (badness 10000) has occurred while \output is active
 []
 []

[16]

Package hyperref Warning: Difference (2) between bookmark levels is greater 
(hyperref)                than one, level fixed on input line 536.


Underfull \hbox (badness 7631) in paragraph at lines 541--549
 [][] 
 []


Underfull \hbox (badness 10000) in paragraph at lines 555--561

 []


Package hyperref Warning: Difference (2) between bookmark levels is greater 
(hyperref)                than one, level fixed on input line 573.


Underfull \hbox (badness 10000) in paragraph at lines 578--585
 [][] 
 []


Underfull \hbox (badness 10000) has occurred while \output is active
 []\OT1/cmr/m/n/10.95 SE 3XA3 De-sign Document| 
 []


Underfull \hbox (badness 10000) has occurred while \output is active
 []\OT1/cmr/m/n/10.95 The A Team|
 []


Underfull \hbox (badness 10000) has occurred while \output is active
 []\OT1/cmr/m/n/10.95 17| 
 []


Underfull \hbox (badness 10000) has occurred while \output is active
 []
 []

[17]
Underfull \hbox (badness 10000) in paragraph at lines 591--599

 []


Package hyperref Warning: Difference (2) between bookmark levels is greater 
(hyperref)                than one, level fixed on input line 611.


Underfull \hbox (badness 7851) in paragraph at lines 616--623
 [][] 
 []


Underfull \hbox (badness 10000) has occurred while \output is active
 []\OT1/cmr/m/n/10.95 SE 3XA3 De-sign Document| 
 []


Underfull \hbox (badness 10000) has occurred while \output is active
 []\OT1/cmr/m/n/10.95 The A Team|
 []


Underfull \hbox (badness 10000) has occurred while \output is active
 []\OT1/cmr/m/n/10.95 18| 
 []


Underfull \hbox (badness 10000) has occurred while \output is active
 []
 []

[18]
Underfull \hbox (badness 10000) in paragraph at lines 640--652
 [][] 
 []


Underfull \hbox (badness 10000) in paragraph at lines 657--680

 []


Underfull \hbox (badness 10000) has occurred while \output is active
 []\OT1/cmr/m/n/10.95 SE 3XA3 De-sign Document| 
 []


Underfull \hbox (badness 10000) has occurred while \output is active
 []\OT1/cmr/m/n/10.95 The A Team|
 []


Underfull \hbox (badness 10000) has occurred while \output is active
 []\OT1/cmr/m/n/10.95 19| 
 []


Underfull \hbox (badness 10000) has occurred while \output is active
 []
 []

[19]
Underfull \hbox (badness 10000) in paragraph at lines 688--694

 []


Underfull \hbox (badness 10000) has occurred while \output is active
 []\OT1/cmr/m/n/10.95 SE 3XA3 De-sign Document| 
 []


Underfull \hbox (badness 10000) has occurred while \output is active
 []\OT1/cmr/m/n/10.95 The A Team|
 []


Underfull \hbox (badness 10000) has occurred while \output is active
 []\OT1/cmr/m/n/10.95 20| 
 []


Underfull \hbox (badness 10000) has occurred while \output is active
 []
 []

[20]
Underfull \hbox (badness 10000) in paragraph at lines 736--743
 [][] 
 []


Underfull \hbox (badness 10000) has occurred while \output is active
 []\OT1/cmr/m/n/10.95 SE 3XA3 De-sign Document| 
 []


Underfull \hbox (badness 10000) has occurred while \output is active
 []\OT1/cmr/m/n/10.95 The A Team|
 []


Underfull \hbox (badness 10000) has occurred while \output is active
 []\OT1/cmr/m/n/10.95 21| 
 []


Underfull \hbox (badness 10000) has occurred while \output is active
 []
 []

[21]
Underfull \hbox (badness 10000) in paragraph at lines 766--775
 [][] 
 []


Underfull \hbox (badness 10000) in paragraph at lines 781--787

 []


Underfull \hbox (badness 10000) in paragraph at lines 792--798

 []


Underfull \hbox (badness 10000) has occurred while \output is active
 []\OT1/cmr/m/n/10.95 SE 3XA3 De-sign Document| 
 []


Underfull \hbox (badness 10000) has occurred while \output is active
 []\OT1/cmr/m/n/10.95 The A Team|
 []


Underfull \hbox (badness 10000) has occurred while \output is active
 []\OT1/cmr/m/n/10.95 22| 
 []


Underfull \hbox (badness 10000) has occurred while \output is active
 []
 []

[22]
Underfull \hbox (badness 5203) in paragraph at lines 805--815
 [][] 
 []


Underfull \hbox (badness 10000) in paragraph at lines 821--827

 []


Underfull \hbox (badness 10000) in paragraph at lines 832--840

 []


Underfull \hbox (badness 10000) has occurred while \output is active
 []\OT1/cmr/m/n/10.95 SE 3XA3 De-sign Document| 
 []


Underfull \hbox (badness 10000) has occurred while \output is active
 []\OT1/cmr/m/n/10.95 The A Team|
 []


Underfull \hbox (badness 10000) has occurred while \output is active
 []\OT1/cmr/m/n/10.95 23| 
 []


Underfull \hbox (badness 10000) has occurred while \output is active
 []
 []

[23]
Underfull \hbox (badness 10000) in paragraph at lines 846--854
 [][] 
 []


Underfull \hbox (badness 10000) in paragraph at lines 860--874

 []


Underfull \hbox (badness 10000) has occurred while \output is active
 []\OT1/cmr/m/n/10.95 SE 3XA3 De-sign Document| 
 []


Underfull \hbox (badness 10000) has occurred while \output is active
 []\OT1/cmr/m/n/10.95 The A Team|
 []


Underfull \hbox (badness 10000) has occurred while \output is active
 []\OT1/cmr/m/n/10.95 24| 
 []


Underfull \hbox (badness 10000) has occurred while \output is active
 []
 []

[24]
Underfull \hbox (badness 10000) in paragraph at lines 876--878

 []


Underfull \hbox (badness 10000) in paragraph at lines 881--885

 []


Underfull \hbox (badness 10000) in paragraph at lines 891--899
 [][] 
 []


Underfull \hbox (badness 10000) in paragraph at lines 905--915

 []


Underfull \hbox (badness 10000) in paragraph at lines 919--920

 []


Underfull \hbox (badness 10000) has occurred while \output is active
 []\OT1/cmr/m/n/10.95 SE 3XA3 De-sign Document| 
 []


Underfull \hbox (badness 10000) has occurred while \output is active
 []\OT1/cmr/m/n/10.95 The A Team|
 []


Underfull \hbox (badness 10000) has occurred while \output is active
 []\OT1/cmr/m/n/10.95 25| 
 []


Underfull \hbox (badness 10000) has occurred while \output is active
 []
 []

[25]
Underfull \hbox (badness 10000) in paragraph at lines 924--928

 []


Underfull \hbox (badness 10000) in paragraph at lines 948--962

 []


Underfull \hbox (badness 10000) in paragraph at lines 978--988
 [][] 
 []


Underfull \hbox (badness 10000) has occurred while \output is active
 []\OT1/cmr/m/n/10.95 SE 3XA3 De-sign Document| 
 []


Underfull \hbox (badness 10000) has occurred while \output is active
 []\OT1/cmr/m/n/10.95 The A Team|
 []


Underfull \hbox (badness 10000) has occurred while \output is active
 []\OT1/cmr/m/n/10.95 26| 
 []


Underfull \hbox (badness 10000) has occurred while \output is active
 []
 []

[26]
Underfull \hbox (badness 10000) in paragraph at lines 994--995

 []


Underfull \hbox (badness 10000) in paragraph at lines 999--1001

 []


Underfull \hbox (badness 10000) in paragraph at lines 1003--1009

 []


Underfull \hbox (badness 10000) in paragraph at lines 1016--1026
 [][] 
 []


Underfull \hbox (badness 10000) has occurred while \output is active
 []\OT1/cmr/m/n/10.95 SE 3XA3 De-sign Document| 
 []


Underfull \hbox (badness 10000) has occurred while \output is active
 []\OT1/cmr/m/n/10.95 The A Team|
 []


Underfull \hbox (badness 10000) has occurred while \output is active
 []\OT1/cmr/m/n/10.95 27| 
 []


Underfull \hbox (badness 10000) has occurred while \output is active
 []
 []

[27]
Underfull \hbox (badness 10000) in paragraph at lines 1032--1033

 []


Underfull \hbox (badness 10000) in paragraph at lines 1037--1039

 []


Underfull \hbox (badness 10000) in paragraph at lines 1041--1047

 []


Underfull \hbox (badness 2503) in paragraph at lines 1054--1066
 [][] 
 []


Underfull \hbox (badness 10000) has occurred while \output is active
 []\OT1/cmr/m/n/10.95 SE 3XA3 De-sign Document| 
 []


Underfull \hbox (badness 10000) has occurred while \output is active
 []\OT1/cmr/m/n/10.95 The A Team|
 []


Underfull \hbox (badness 10000) has occurred while \output is active
 []\OT1/cmr/m/n/10.95 28| 
 []


Underfull \hbox (badness 10000) has occurred while \output is active
 []
 []

[28]
Underfull \hbox (badness 10000) in paragraph at lines 1072--1073

 []


Underfull \hbox (badness 10000) in paragraph at lines 1077--1079

 []


Underfull \hbox (badness 10000) in paragraph at lines 1081--1091

 []


Underfull \hbox (badness 10000) has occurred while \output is active
 []\OT1/cmr/m/n/10.95 SE 3XA3 De-sign Document| 
 []


Underfull \hbox (badness 10000) has occurred while \output is active
 []\OT1/cmr/m/n/10.95 The A Team|
 []


Underfull \hbox (badness 10000) has occurred while \output is active
 []\OT1/cmr/m/n/10.95 29| 
 []


Underfull \hbox (badness 10000) has occurred while \output is active
 []
 []

[29]
Underfull \hbox (badness 7631) in paragraph at lines 1098--1106
 [][] 
 []


Underfull \hbox (badness 10000) in paragraph at lines 1112--1118

 []


Underfull \hbox (badness 10000) in paragraph at lines 1130--1137
 [][] 
 []


Underfull \hbox (badness 10000) has occurred while \output is active
 []\OT1/cmr/m/n/10.95 SE 3XA3 De-sign Document| 
 []


Underfull \hbox (badness 10000) has occurred while \output is active
 []\OT1/cmr/m/n/10.95 The A Team|
 []


Underfull \hbox (badness 10000) has occurred while \output is active
 []\OT1/cmr/m/n/10.95 30| 
 []


Underfull \hbox (badness 10000) has occurred while \output is active
 []
 []

[30]
Underfull \hbox (badness 10000) in paragraph at lines 1143--1151

 []


Underfull \hbox (badness 7851) in paragraph at lines 1165--1172
 [][] 
 []


Underfull \hbox (badness 10000) has occurred while \output is active
 []\OT1/cmr/m/n/10.95 SE 3XA3 De-sign Document| 
 []


Underfull \hbox (badness 10000) has occurred while \output is active
 []\OT1/cmr/m/n/10.95 The A Team|
 []


Underfull \hbox (badness 10000) has occurred while \output is active
 []\OT1/cmr/m/n/10.95 31| 
 []


Underfull \hbox (badness 10000) has occurred while \output is active
 []
 []

[31]

Package tabulary Warning: No suitable columns! on input line 1231.


Underfull \hbox (badness 10000) in paragraph at lines 1231--1232
 [][] 
 []


Underfull \hbox (badness 10000) has occurred while \output is active
 []\OT1/cmr/m/n/10.95 SE 3XA3 De-sign Document| 
 []


Underfull \hbox (badness 10000) has occurred while \output is active
 []\OT1/cmr/m/n/10.95 The A Team|
 []


Underfull \hbox (badness 10000) has occurred while \output is active
 []\OT1/cmr/m/n/10.95 32| 
 []


Underfull \hbox (badness 10000) has occurred while \output is active
 []
 []

[32]

Package tabulary Warning: No suitable columns! on input line 1252.


Underfull \hbox (badness 10000) in paragraph at lines 1252--1253
 [][] 
 []

Package atveryend Info: Empty hook `BeforeClearDocument' on input line 1257.

Underfull \hbox (badness 10000) has occurred while \output is active
 []\OT1/cmr/m/n/10.95 SE 3XA3 De-sign Document| 
 []


Underfull \hbox (badness 10000) has occurred while \output is active
 []\OT1/cmr/m/n/10.95 The A Team|
 []


Underfull \hbox (badness 10000) has occurred while \output is active
 []\OT1/cmr/m/n/10.95 33| 
 []


Underfull \hbox (badness 10000) has occurred while \output is active
 []
 []

[33]
Package atveryend Info: Empty hook `AfterLastShipout' on input line 1257.
 (./DesignDocumentation.aux)
Package atveryend Info: Executing hook `AtVeryEndDocument' on input line 1257.
Package atveryend Info: Executing hook `AtEndAfterFileList' on input line 1257.

Package rerunfilecheck Info: File `DesignDocumentation.out' has not changed.
(rerunfilecheck)             Checksum: 9CAF8DF05B807784B50FB0141A911122;7335.


LaTeX Warning: There were multiply-defined labels.

Package atveryend Info: Empty hook `AtVeryVeryEnd' on input line 1257.
 ) 
Here is how much of TeX's memory you used:
 6793 strings out of 493089
 100130 string characters out of 6134842
 191280 words of memory out of 5000000
 10003 multiletter control sequences out of 15000+600000
 11866 words of font info for 45 fonts, out of 8000000 for 9000
 1141 hyphenation exceptions out of 8191
 29i,12n,43p,514b,393s stack positions out of 5000i,500n,10000p,200000b,80000s
</usr/local/texlive/2015/texmf-dist/fonts/type1/public/amsfonts/cm/cmbx10.pfb
></usr/local/texlive/2015/texmf-dist/fonts/type1/public/amsfonts/cm/cmbx12.pfb>
</usr/local/texlive/2015/texmf-dist/fonts/type1/public/amsfonts/cm/cmr10.pfb></
usr/local/texlive/2015/texmf-dist/fonts/type1/public/amsfonts/cm/cmr12.pfb></us
r/local/texlive/2015/texmf-dist/fonts/type1/public/amsfonts/cm/cmr17.pfb></usr/
local/texlive/2015/texmf-dist/fonts/type1/public/amsfonts/cm/cmti10.pfb></usr/l
ocal/texlive/2015/texmf-dist/fonts/type1/public/amsfonts/cm/cmtt10.pfb>
Output written on DesignDocumentation.pdf (33 pages, 162773 bytes).
PDF statistics:
 768 PDF objects out of 1000 (max. 8388607)
 718 compressed objects within 8 object streams
 196 named destinations out of 1000 (max. 500000)
 761 words of extra memory for PDF output out of 10000 (max. 10000000)

